TN:
SF:server.js
FN:42,isValidProjectId
FN:49,sanitizeGrep
FN:57,validateAndGetProject
FN:69,readProjectResults
FN:76,ensureResultsDir
FN:85,discoverProjects
FN:123,(anonymous_6)
FN:128,(anonymous_7)
FN:135,(anonymous_8)
FN:151,(anonymous_9)
FN:188,(anonymous_10)
FN:201,(anonymous_11)
FN:207,(anonymous_12)
FN:227,runTestsForProject
FN:240,(anonymous_14)
FN:250,(anonymous_15)
FN:251,(anonymous_16)
FN:253,(anonymous_17)
FN:257,(anonymous_18)
FN:296,countResults
FN:352,(anonymous_20)
FN:368,(anonymous_21)
FN:374,(anonymous_22)
FN:379,(anonymous_23)
FNF:24
FNH:9
FNDA:20,isValidProjectId
FNDA:14,sanitizeGrep
FNDA:6,validateAndGetProject
FNDA:0,readProjectResults
FNDA:0,ensureResultsDir
FNDA:4,discoverProjects
FNDA:2,(anonymous_6)
FNDA:1,(anonymous_7)
FNDA:2,(anonymous_8)
FNDA:0,(anonymous_9)
FNDA:2,(anonymous_10)
FNDA:0,(anonymous_11)
FNDA:0,(anonymous_12)
FNDA:0,runTestsForProject
FNDA:0,(anonymous_14)
FNDA:0,(anonymous_15)
FNDA:0,(anonymous_16)
FNDA:0,(anonymous_17)
FNDA:0,(anonymous_18)
FNDA:0,countResults
FNDA:2,(anonymous_20)
FNDA:0,(anonymous_21)
FNDA:0,(anonymous_22)
FNDA:0,(anonymous_23)
DA:1,1
DA:2,1
DA:3,1
DA:4,1
DA:5,1
DA:7,1
DA:8,1
DA:11,1
DA:15,1
DA:16,1
DA:17,1
DA:20,1
DA:23,1
DA:31,1
DA:39,1
DA:44,20
DA:45,17
DA:50,14
DA:52,11
DA:53,11
DA:58,6
DA:59,3
DA:61,3
DA:62,3
DA:63,3
DA:65,0
DA:70,0
DA:71,0
DA:72,0
DA:77,0
DA:78,0
DA:86,4
DA:88,4
DA:89,4
DA:91,0
DA:92,0
DA:93,0
DA:94,0
DA:96,0
DA:98,0
DA:99,0
DA:101,0
DA:102,0
DA:103,0
DA:116,4
DA:119,4
DA:123,1
DA:124,2
DA:128,1
DA:129,1
DA:130,1
DA:131,1
DA:135,1
DA:136,2
DA:137,2
DA:138,2
DA:139,2
DA:142,0
DA:143,0
DA:144,0
DA:146,0
DA:151,1
DA:152,0
DA:153,0
DA:154,0
DA:156,0
DA:157,0
DA:158,0
DA:159,0
DA:160,0
DA:161,0
DA:172,0
DA:184,0
DA:188,1
DA:189,2
DA:190,2
DA:192,2
DA:193,2
DA:194,2
DA:197,0
DA:198,0
DA:201,0
DA:202,0
DA:207,1
DA:208,0
DA:211,0
DA:213,0
DA:215,0
DA:217,0
DA:218,0
DA:219,0
DA:221,0
DA:228,0
DA:231,0
DA:232,0
DA:233,0
DA:236,0
DA:237,0
DA:240,0
DA:241,0
DA:247,0
DA:248,0
DA:250,0
DA:251,0
DA:253,0
DA:254,0
DA:257,0
DA:258,0
DA:262,0
DA:263,0
DA:267,0
DA:269,0
DA:270,0
DA:272,0
DA:273,0
DA:275,0
DA:278,0
DA:279,0
DA:287,0
DA:297,0
DA:298,0
DA:299,0
DA:300,0
DA:301,0
DA:302,0
DA:303,0
DA:304,0
DA:305,0
DA:306,0
DA:307,0
DA:311,0
DA:314,0
DA:317,0
DA:328,0
DA:329,0
DA:330,0
DA:331,0
DA:337,0
DA:338,0
DA:339,0
DA:342,0
DA:347,0
DA:348,0
DA:352,1
DA:353,2
DA:354,2
DA:355,2
DA:356,2
DA:359,0
DA:360,0
DA:361,0
DA:363,0
DA:368,1
DA:369,0
DA:373,1
DA:374,0
DA:375,0
DA:376,0
DA:379,0
DA:380,0
DA:386,1
LF:161
LH:57
BRDA:8,0,0,1
BRDA:8,0,1,1
BRDA:44,1,0,3
BRDA:44,1,1,17
BRDA:44,2,0,20
BRDA:44,2,1,17
BRDA:50,3,0,3
BRDA:50,3,1,11
BRDA:53,4,0,10
BRDA:53,4,1,1
BRDA:53,5,0,11
BRDA:53,5,1,11
BRDA:58,6,0,3
BRDA:58,6,1,3
BRDA:62,7,0,3
BRDA:62,7,1,0
BRDA:101,8,0,0
BRDA:101,8,1,0
BRDA:101,9,0,0
BRDA:101,9,1,0
BRDA:102,10,0,0
BRDA:102,10,1,0
BRDA:105,11,0,0
BRDA:105,11,1,0
BRDA:138,12,0,2
BRDA:138,12,1,0
BRDA:164,13,0,0
BRDA:164,13,1,0
BRDA:165,14,0,0
BRDA:165,14,1,0
BRDA:166,15,0,0
BRDA:166,15,1,0
BRDA:167,16,0,0
BRDA:167,16,1,0
BRDA:168,17,0,0
BRDA:168,17,1,0
BRDA:169,18,0,0
BRDA:169,18,1,0
BRDA:193,19,0,2
BRDA:193,19,1,0
BRDA:232,20,0,0
BRDA:232,20,1,0
BRDA:254,21,0,0
BRDA:254,21,1,0
BRDA:270,22,0,0
BRDA:270,22,1,0
BRDA:282,23,0,0
BRDA:282,23,1,0
BRDA:292,24,0,0
BRDA:292,24,1,0
BRDA:297,25,0,0
BRDA:297,25,1,0
BRDA:298,26,0,0
BRDA:298,26,1,0
BRDA:299,27,0,0
BRDA:299,27,1,0
BRDA:301,28,0,0
BRDA:301,28,1,0
BRDA:302,29,0,0
BRDA:302,29,1,0
BRDA:302,30,0,0
BRDA:302,30,1,0
BRDA:304,31,0,0
BRDA:304,31,1,0
BRDA:304,32,0,0
BRDA:304,32,1,0
BRDA:306,33,0,0
BRDA:306,33,1,0
BRDA:321,34,0,0
BRDA:321,34,1,0
BRDA:323,35,0,0
BRDA:323,35,1,0
BRDA:324,36,0,0
BRDA:324,36,1,0
BRDA:355,37,0,2
BRDA:355,37,1,0
BRDA:361,38,0,0
BRDA:361,38,1,0
BRDA:373,39,0,0
BRDA:373,39,1,1
BRF:80
BRH:19
end_of_record
